Domain Name: SANTAGIFT.SHOP
Registry Domain ID: DO7311971-GMO
Registrar WHOIS Server: whois.namecheap.com
Registrar URL: https://www.namecheap.com/
Updated Date: 2024-11-08T07:53:55.0Z
Creation Date: 2022-10-30T14:48:03.0Z
Registry Expiry Date: 2025-10-30T23:59:59.0Z
Registrar: Namecheap, Inc.
Registrar IANA ID: 1068
Registrar Abuse Contact Email: abuse@namecheap.com
Registrar Abuse Contact Phone: +1.6613102107
Domain Status: clientTransferProhibited https://icann.org/epp#clientTransferProhibited
Registrant State/Province: Capital Region
Registrant Country: IS
Registrant Email:
Admin Email:
Tech Email:
Name Server: NS-298.AWSDNS-37.COM
Name Server: NS-815.AWSDNS-37.NET
Name Server: NS-1224.AWSDNS-25.ORG
Name Server: NS-1782.AWSDNS-30.CO.UK
DNSSEC: unsigned
URL of the ICANN Whois Inaccuracy Complaint Form: https://www.icann.org/wicf/
>>> Last update of WHOIS database: 2025-04-08T07:04:14.0Z <<<

For more information on Whois status codes, please visit https://icann.org/epp

The registration data available in this service is limited. Additional data may be available at https://lookup.icann.org

Please query the RDDS service of the Registrar of Record identified in this output for information on how to contact the Registrant, Admin, or Tech contact of the queried domain name.

This whois service is provided by GMO Registry and only contains
information pertaining to Internet domain names we have registered for
our customers. By using this service you are agreeing (1) not to use any
information presented here for any purpose other than determining
ownership of domain names, (2) not to store or reproduce this data in
any way, (3) not to use any high-volume, automated, electronic processes
to obtain data from this service. Abuse of this service is monitored and
actions in contravention of these terms will result in being permanently
blacklisted. All data is (c) GMO Registry http://www.gmo-registry.com/en/

